NAME=Helgeson, Andrew
USERNAME=helge206
EMAIL=helge206@umn.edu
CITIZENSHIP=UNITED STATES
FORM_SUBMISSION_DATETIME=It Depends...
DEPARTURE_DATETIME=20121125 120000
ARRIVAL_DATETIME=20121130 000000
PAID_BY_UNIVERSITY=no
TRAVEL_TYPE_CSE_SPONSORED=yes
EMERGENCY_CONTACT_NAME=Greg Gay
EMERGENCY_CONTACT_PHONE=765-432-1098
JUSTIFICATION_CONFERENCE_TITLE=OSDI 2012: 10th USENIX Symposium on Operating Systems Design and Implementation
JUSTIFICATION_PRESENTED=yes
JUSTIFICATION_PRESENTATION_TITLE=Nebula: Globally distributed volunteer computing network
JUSTIFICATION_PRESENTATION_ABSTRACT=Nebula provides a developer interface to deploy applications for computation on globally distributed volunteer nodes.
JUSTIFICATION_PRESENTATION_ACKNOWLEDGEMENT=Homeboys back at the UMN
JUSTIFICATION_SPONSORED=Learn about research in the field.

NUM_OTHER_EXPENSES=2
OTHER1_DATE=20121103
OTHER1_JUSTIFICATION=Conference Registration
OTHER1_TOTAL=500.00
OTHER2_DATE=20121103
OTHER2_JUSTIFICATION=Workshop Registration
OTHER2_TOTAL=100.00
OTHER3_DATE=20121103
OTHER3_JUSTIFICATION=Second Conference Registration
OTHER3_TOTAL=450.00

NUM_TRANSPORTATION=8
TRANSPORTATION1_DATE=20121125
TRANSPORTATION1_TYPE=TAXI
TRANSPORTATION1_TOTAL=25.00
TRANSPORTATION2_DATE=20121125
TRANSPORTATION2_TYPE=CAR
TRANSPORTATION2_AMOUNT=125.00
TRANSPORTATION3_DATE=20121128
TRANSPORTATION3_TYPE=GAS
TRANSPORTATION3_TOTAL=22.50
TRANSPORTATION4_DATE=20121128
TRANSPORTATION4_TYPE=PUBLIC_TRANSPORTATION
TRANSPORTATION4_TOTAL=1.25
TRANSPORTATION5_DATE=20121128
TRANSPORTATION5_TYPE=Car
TRANSPORTATION5_RENTAL=Yes
TRANSPORTATION5_TOTAL=75.10
TRANSPORTATION6_DATE=20121129
TRANSPORTATION6_TYPE=TOLL
TRANSPORTATION6_TOTAL=1.00
TRANSPORTATION7_DATE=20121001
TRANSPORTATION7_TYPE=AIR
TRANSPORTATION7_TOTAL=850.00
TRANSPORTATION8_DATE=20121001
TRANSPORTATION8_TYPE=AIR
TRANSPORTATION8_TOTAL=725.50

NUM_DAYS=6
DAY1_DATE=20121125
DAY1_TOTAL=
DAY2_DATE=20121126
DAY2_TOTAL=
DAY3_DATE=20121127
DAY3_TOTAL=
DAY4_DATE=20121128
DAY4_TOTAL=
DAY5_DATE=20121129
DAY5_TOTAL=
DAY6_DATE=20121130
DAY6_TOTAL=

NUM_GRANTS=2
GRANT1_ACCOUNT=010101010101
GRANT1_PERCENT=75
GRANT1_AMOUNT_TO_CHARGE=
GRANT1_APPROVER_NAME=heimd001
GRANT2_ACCOUNT=UMN_SUPER_PAC
GRANT2_PERCENT=25
GRANT2_AMOUNT_TO_CHARGE=
TOTAL_REIMBURSEMENT=3490.85
NUM_DAYS=6

# Bought a meal on the plane before it left Minneapolis
DAY1_BREAKFAST_CITY=Minneapolis
DAY1_BREAKFAST_STATE=MN
DAY1_BREAKFAST_COUNTRY=USA

# Was feeling too tired to walk to gate
DAY1_INCIDENTAL_STATE=MN
DAY1_INCIDENTAL_JUSTIFICATION=Tipped cart person at airport to drive me to gate
DAY1_INCIDENTAL_AMOUNT=5.00
DAY1_INCIDENTAL_CURRENCY=USD

# Layover in Jacksonville
DAY1_LUNCH_CITY=Jacksonville
DAY1_LUNCH_STATE=FL
DAY1_LUNCH_COUNTRY=USA

# Land in Sao Paulo late and go to sleep
DAY1_LODGING_CITY=Sao Paulo
DAY1_LODGING_COUNTRY=BR
DAY1_LODGING_AMOUNT=95.00
DAY1_LODGING_CURRENCY=BRL
DAY1_INCIDENTAL_COUNTRY=BR
DAY1_INCIDENTAL_CURRENCY=BR
DAY1_INCIDENTAL_AMOUNT=5.00
DAY1_INCIDENTAL_JUSTIFICATION=Tipped bell hop

# Breakfast before traveling to conference
DAY2_BREAKFAST_CITY=Sao Paulo
DAY2_BREAKFAST_COUNTRY=BR
DAY2_LUNCH_CITY=Osasco
DAY2_LUNCH_COUNTRY=BR
DAY2_DINNER_COUNTRY=BR
DAY2_LODGING_CITY=Osasco
DAY2_LODGING_COUNTRY=BR
DAY2_LODGING_AMOUNT=91.25
DAY2_LODGING_CURRENCY=BRL

# Second day of the conference
DAY3_LUNCH_CITY=Osasco
DAY3_LUNCH_COUNTRY=BR
DAY3_DINNER_CITY=Osasco
DAY3_DINNER_COUNTRY=BR
DAY3_LODGING_CITY=Osasco
DAY3_LODGING_COUNTRY=BR
DAY3_LODGING_AMOUNT=91.25
DAY3_LODGING_CURRENCY=BRL

# Conference moving to new venue this day (Puerto Rico!!)
DAY4_BREAKFAST_CITY=Osasco
DAY4_BREAKFAST_COUNTRY=BR
DAY4_LUNCH_CITY=Sao Paulo
DAY4_LUNCH_COUNTRY=BR
DAY4_DINNER_CITY=San Juan
DAY4_DINNER_COUNTRY=PR
DAY4_LODGING_CITY=Condado
DAY4_LODGING_COUNTRY=PR
DAY4_LODGING_AMOUNT=110.00
DAY4_LODGING_CURRENCY=USD

DAY5_LUNCH_CITY=Santurce
DAY5_LUNCH_COUNTRY=PR
DAY5_DINNER_CITY=San Juan
DAY5_DINNER_COUNTRY=PR
DAY5_LODGING_CITY=Condado
DAY5_LODGING_AMOUNT=110.00
DAY5_LODGING_CURRENCY=USD

DAY6_BREAKFAST_CITY=Carolina
DAY6_BREAKFAST_COUNTRY=PR
DAY6_INCIDENTAL_CITY=Carolina
DAY6_INCIDENTAL_COUNTRY=PR
DAY6_INCIDENTAL_AMOUNT=5.00
DAY6_INCIDENTAL_JUSTIFICATION=Too lazy to walk to gate again