NAME=Lincoln, Abraham
USER_NAME=linc001
EMAIL=linc001@umn.edu
CITIZENSHIP=United States
FORM_SUBMISSION_DATETIME=This one depends on the test
DEPARTURE_DATETIME=20121108 100000
ARRIVAL_DATETIME=20121112 235900
PAID_BY_UNIVERSITY=yes
EMERGENCY_CONTACT_NAME=Greg Gay
EMERGENCY_CONTACT_PHONE=765-432-1098
TRAVEL_TYPE_CSE_SPONSORED=yes
JUSTIFICATION_CONFERENCE_TITLE=ASE2012: 26th IEEE/ACM International Conference on Automated Software Engineering
JUSTIFICATION_PRESENTED=no
JUSTIFICATION_SPONSORED=Learn about research in the field.
NUM_DESTINATIONS=3
DESTINATION1_CITY=Des Moines
DESTINATION1_STATE=IA
DESTINATION1_COUNTRY=USA
DESTINATION2_CITY=Kansas City
DESTINATION2_STATE=MO
DESTINATION2_COUNTRY=USA
DESTINATION3_CITY=Lawrence
DESTINATION3_STATE=KS
DESTINATION3_COUNTRY=USA
NUM_DAYS=5
DAY1_DATE=20121108
DAY1_TOTAL=111.81
DAY2_DATE=20121109
DAY2_TOTAL=109.31
DAY3_DATE=20121110
DAY3_TOTAL=86.31
DAY4_DATE=20121111
DAY4_TOTAL=109.31
DAY5_DATE=20121112
DAY5_TOTAL=17.25
NUM_TRANSPORTATION=6
TRANSPORTATION1_DATE=20121108
TRANSPORTATION1_TYPE=PARKING
TRANSPORTATION1_TOTAL=12.00
TRANSPORTATION2_DATE=20121109
TRANSPORTATION2_TYPE=PARKING
TRANSPORTATION2_TOTAL=13.00
TRANSPORTATION3_DATE=20121110
TRANSPORTATION3_TYPE=PARKING
TRANSPORTATION3_TOTAL=12.00
TRANSPORTATION4_DATE=20121110
TRANSPORTATION4_TYPE=PARKING
TRANSPORTATION4_TOTAL=22.00
TRANSPORTATION5_DATE=20121110
TRANSPORTATION5_TYPE=TOLL
TRANSPORTATION5_TOTAL=1.65
TRANSPORTATION6_DATE=20121110
TRANSPORTATION6_TYPE=TOLL
TRANSPORTATION6_TOTAL=1.60
NUM_OTHER_EXPENSES=2
OTHER1_DATE=20121003
OTHER1_JUSTIFICATION=Conference Registration
OTHER1_TOTAL=450
OTHER2_DATE=20121003
OTHER2_JUSTIFICATION=Workshop Registration
OTHER2_TOTAL=100
NUM_GRANTS=1
GRANT1_ACCOUNT=010101010101
GRANT1_PERCENT=100
GRANT1_AMOUNT_TO_CHARGE=1046.24
GRANT1_APPROVER_NAME=heimd001
TOTAL_REIMBURSEMENT=1046.24
